<?xml version="1.0" encoding="UTF-8"?>
<!-- Generated by org.testng.reporters.JUnitReportReporter -->
<testsuite skipped="0" hostname="lgvn181090" name="test.testNGdemo" tests="1" failures="0" timestamp="01 Mar 2019 09:06:40 GMT" time="0.013" errors="0">
  <testcase name="testCase2" time="0.013" classname="test.testNGdemo"/>
</testsuite> <!-- test.testNGdemo -->
